E:\DEVEL\UNIVERSITYCALGORITHMS\SOLUTION\PHOTO_MOON\DEBUG\MAIN.OBJ
E:\DEVEL\UNIVERSITYCALGORITHMS\SOLUTION\PHOTO_MOON\DEBUG\VC110.PDB
E:\DEVEL\UNIVERSITYCALGORITHMS\SOLUTION\DEBUG\PHOTO_MOON.ILK
E:\DEVEL\UNIVERSITYCALGORITHMS\SOLUTION\DEBUG\PHOTO_MOON.EXE
E:\DEVEL\UNIVERSITYCALGORITHMS\SOLUTION\DEBUG\PHOTO_MOON.PDB
E:\devel\UniversityCAlgorithms\Solution\photo_moon\Debug\main.obj
E:\devel\UniversityCAlgorithms\Solution\photo_moon\Debug\cl.command.1.tlog
E:\devel\UniversityCAlgorithms\Solution\photo_moon\Debug\CL.read.1.tlog
E:\devel\UniversityCAlgorithms\Solution\photo_moon\Debug\CL.write.1.tlog
E:\devel\UniversityCAlgorithms\Solution\photo_moon\Debug\link-cvtres.read.1.tlog
E:\devel\UniversityCAlgorithms\Solution\photo_moon\Debug\link-cvtres.write.1.tlog
E:\devel\UniversityCAlgorithms\Solution\photo_moon\Debug\link-rc.read.1.tlog
E:\devel\UniversityCAlgorithms\Solution\photo_moon\Debug\link-rc.write.1.tlog
E:\devel\UniversityCAlgorithms\Solution\photo_moon\Debug\link.command.1.tlog
E:\devel\UniversityCAlgorithms\Solution\photo_moon\Debug\link.read.1.tlog
E:\devel\UniversityCAlgorithms\Solution\photo_moon\Debug\link.write.1.tlog
E:\devel\UniversityCAlgorithms\Solution\photo_moon\Debug\vc110.idb
E:\devel\UniversityCAlgorithms\Solution\photo_moon\Debug\vc110.pdb
E:\devel\UniversityCAlgorithms\Solution\Debug\photo_moon.pdb
E:\devel\UniversityCAlgorithms\Solution\Debug\photo_moon.exe
E:\devel\UniversityCAlgorithms\Solution\Debug\photo_moon.ilk
